<?xml version="1.0" encoding="UTF-8"?>
<testng-results ignored="0" total="3" passed="3" failed="0" skipped="0">
  <reporter-output>
  </reporter-output>
  <suite started-at="2021-03-15T18:25:48 GMT-03:00" name="Default suite" finished-at="2021-03-15T18:25:55 GMT-03:00" duration-ms="6628">
    <groups>
    </groups>
    <test started-at="2021-03-15T18:25:48 GMT-03:00" name="Default test" finished-at="2021-03-15T18:25:55 GMT-03:00" duration-ms="6628">
      <class name="tests.PutPatchDeleteExamples">
        <test-method signature="testDelete()[pri:0, instance:tests.PutPatchDeleteExamples@4e7912d8]" started-at="2021-03-15T18:25:48 GMT-03:00" name="testDelete" finished-at="2021-03-15T18:25:53 GMT-03:00" duration-ms="4684" status="PASS">
          <reporter-output>
          </reporter-output>
        </test-method> <!-- testDelete -->
        <test-method signature="testPatch()[pri:0, instance:tests.PutPatchDeleteExamples@4e7912d8]" started-at="2021-03-15T18:25:53 GMT-03:00" name="testPatch" finished-at="2021-03-15T18:25:54 GMT-03:00" duration-ms="1045" status="PASS">
          <reporter-output>
          </reporter-output>
        </test-method> <!-- testPatch -->
        <test-method signature="testPut()[pri:0, instance:tests.PutPatchDeleteExamples@4e7912d8]" started-at="2021-03-15T18:25:54 GMT-03:00" name="testPut" finished-at="2021-03-15T18:25:55 GMT-03:00" duration-ms="792" status="PASS">
          <reporter-output>
          </reporter-output>
        </test-method> <!-- testPut -->
      </class> <!-- tests.PutPatchDeleteExamples -->
    </test> <!-- Default test -->
  </suite> <!-- Default suite -->
</testng-results>
