<?xml version="1.0" encoding="UTF-8"?>
<!-- Generated by org.testng.reporters.JUnitXMLReporter -->
<testsuite ignored="0" hostname="DESKTOP-UG69O5K" failures="0" tests="3" name="Default test" time="6.628" errors="0" timestamp="2021-03-15T18:25:55 GMT-03:00">
  <testcase classname="tests.PutPatchDeleteExamples" name="testDelete" time="4.684"/>
  <testcase classname="tests.PutPatchDeleteExamples" name="testPatch" time="1.045"/>
  <testcase classname="tests.PutPatchDeleteExamples" name="testPut" time="0.792"/>
</testsuite> <!-- Default test -->
